➜  devops-docker-hy docker build -t frontend-example -f front.Dockerfile .
[+] Building 1.1s (9/9) FINISHED
 => [internal] load build definition from Dockerfile                                                                                                                                                                                   0.0s
 => => transferring dockerfile: 308B                                                                                                                                                                                                   0.0s
 => [internal] load .dockerignore                                                                                                                                                                                                      0.0s
 => => transferring context: 2B                                                                                                                                                                                                        0.0s
 => [internal] load metadata for docker.io/library/node:10.23.2-alpine                                                                                                                                                                 1.0s
 => [1/5] FROM docker.io/library/node:10.23.2-alpine@sha256:7351c71024245bd1133674ce2a0869c80926712a9e03004a93cf58a066a8ad68                                                                                                           0.0s
 => CACHED [2/5] RUN apk add git     && npm install -g serve                                                                                                                                                                           0.0s
 => CACHED [3/5] RUN git clone https://github.com/docker-hy/frontend-example-docker.git                                                                                                                                                0.0s
 => CACHED [4/5] WORKDIR frontend-example-docker                                                                                                                                                                                       0.0s
 => CACHED [5/5] RUN npm install     && npm run build                                                                                                                                                                                  0.0s
 => exporting to image                                                                                                                                                                                                                 0.0s
 => => exporting layers                                                                                                                                                                                                                0.0s
 => => writing image sha256:76e6b7f339d831c69c6c621abb0d1f0bf5db274726c6c564495ccd8b8b67141e                                                                                                                                           0.0s
 => => naming to docker.io/library/frontend-example                                                                                                                                                                                    0.0s
➜  devops-docker-hy docker build -t backend-example -f back.Dockerfile .
[+] Building 1.1s (8/8) FINISHED
 => [internal] load build definition from Dockerfile                                                                                                                                                                                   0.0s
 => => transferring dockerfile: 32B                                                                                                                                                                                                    0.0s
 => [internal] load .dockerignore                                                                                                                                                                                                      0.0s
 => => transferring context: 2B                                                                                                                                                                                                        0.0s
 => [internal] load metadata for docker.io/library/node:10.23.2-alpine                                                                                                                                                                 0.9s
 => [1/4] FROM docker.io/library/node:10.23.2-alpine@sha256:7351c71024245bd1133674ce2a0869c80926712a9e03004a93cf58a066a8ad68                                                                                                           0.0s
 => CACHED [2/4] RUN apk add git     && git clone https://github.com/docker-hy/backend-example-docker.git                                                                                                                              0.0s
 => CACHED [3/4] WORKDIR backend-example-docker                                                                                                                                                                                        0.0s
 => CACHED [4/4] RUN npm install                                                                                                                                                                                                       0.0s
 => exporting to image                                                                                                                                                                                                                 0.0s
 => => exporting layers                                                                                                                                                                                                                0.0s
 => => writing image sha256:edfcc039ef32e8bd608d88bf523e59a8ab7522437a276da94056a909f587af7c                                                                                                                                           0.0s
 => => naming to docker.io/library/backend-example
➜  devops-docker-hy docker container run -d \
    -p 8000:8000 \
    -v $(pwd)/logs.txt:/backend-example-docker/logs.txt \
    backend-example
4dcbcc774560cad9467e248f024ef039ab31d76d57a994037f8c7c06026f6c2a
➜  devops-docker-hy docker container run -d \
    -p 5000:5000 \
    frontend-example
190b58ead7f9b53f1a23a528215d764a475dd97ecac49625f7b0dd72464742f9
