➜  devops-docker-hy docker run -d devopsdockeruh/exec_bash_exercise
Unable to find image 'devopsdockeruh/exec_bash_exercise:latest' locally
latest: Pulling from devopsdockeruh/exec_bash_exercise
1c6172af85ee: Pull complete
b194b0e3c928: Pull complete
1f5ec00f35d5: Pull complete
93b1353672b6: Pull complete
3d7f38db3cca: Pull complete
21e102f9fe89: Pull complete
d851ffed797c: Pull complete
a45031e28c68: Pull complete
ca3c1414856f: Pull complete
02c74c9936fd: Pull complete
ddb55f8ab0a8: Pull complete
Digest: sha256:d38b6f6b0eed2880e25c9eb7f83f1cd016ffe3a56c9a3fec6e7bee480bf1ed0f
Status: Downloaded newer image for devopsdockeruh/exec_bash_exercise:latest
bf227633320fcb5cf069b36db60e56649e67033e641aa78ee9ac104e6d42a241
➜  devops-docker-hy docker ps -a
CONTAINER ID   IMAGE                               COMMAND                  CREATED          STATUS          PORTS     NAMES
bf227633320f   devopsdockeruh/exec_bash_exercise   "docker-entrypoint.s…"   51 seconds ago   Up 49 seconds             cool_ride
➜  devops-docker-hy docker exec -it bf22 tail -f ./logs.txt
Sat, 12 Dec 2020 19:22:27 GMT
Sat, 12 Dec 2020 19:22:30 GMT
Secret message is:
"Docker is easy"
